2024/11/27 18:55:59 main.go:15: test
2024/11/27 19:12:06 base.go:21: sql: unknown driver "sqlite3" (forgotten import?)
2024/11/27 19:28:50 base.go:23: 現在の作業ディレクトリ: C:\Users\yansu\go\udemy_go_study\todo_app
2024/11/27 19:28:50 base.go:26: SQLDriver: sqlite3
2024/11/27 19:28:50 base.go:27: DbName: C:/Users/yansu/go/udemy_go_study/todo_app/webapp.db
2024/11/27 19:28:50 base.go:37: データベース接続テストエラー: Binary was compiled with 'CGO_ENABLED=0', go-sqlite3 requires cgo to work. This is a stub
2024/11/27 19:48:12 base.go:23: 現在の作業ディレクトリ: C:\Users\yansu\go\udemy_go_study\todo_app
2024/11/27 19:48:12 base.go:26: SQLDriver: sqlite3
2024/11/27 19:48:12 base.go:27: DbName: C:/Users/yansu/go/udemy_go_study/todo_app/webapp.db
2024/11/27 19:48:12 base.go:37: データベース接続テストエラー: Binary was compiled with 'CGO_ENABLED=0', go-sqlite3 requires cgo to work. This is a stub
2024/11/27 19:48:55 base.go:23: 現在の作業ディレクトリ: C:\Users\yansu\go\udemy_go_study\todo_app
2024/11/27 19:48:55 base.go:26: SQLDriver: sqlite3
2024/11/27 19:48:55 base.go:27: DbName: C:/Users/yansu/go/udemy_go_study/todo_app/webapp.db
2024/11/27 19:48:55 base.go:37: データベース接続テストエラー: Binary was compiled with 'CGO_ENABLED=0', go-sqlite3 requires cgo to work. This is a stub
2024/11/27 19:51:42 base.go:23: 現在の作業ディレクトリ: C:\Users\yansu\go\udemy_go_study\todo_app
2024/11/27 19:51:42 base.go:26: SQLDriver: sqlite3
2024/11/27 19:51:42 base.go:27: DbName: webapp.sql
2024/11/27 19:51:42 base.go:37: データベース接続テストエラー: Binary was compiled with 'CGO_ENABLED=0', go-sqlite3 requires cgo to work. This is a stub
2024/11/27 19:53:53 base.go:21: sql: unknown driver "sqlite3" (forgotten import?)
2024/11/27 20:01:43 main.go:16: データベース接続エラー: Binary was compiled with 'CGO_ENABLED=0', go-sqlite3 requires cgo to work. This is a stub
2024/11/27 20:02:16 main.go:16: データベース接続エラー: Binary was compiled with 'CGO_ENABLED=0', go-sqlite3 requires cgo to work. This is a stub
2024/11/27 20:02:51 main.go:16: データベース接続エラー: Binary was compiled with 'CGO_ENABLED=0', go-sqlite3 requires cgo to work. This is a stub
2024/11/27 20:03:00 main.go:16: データベース接続エラー: Binary was compiled with 'CGO_ENABLED=0', go-sqlite3 requires cgo to work. This is a stub
2024/11/28 14:44:25 main.go:16: データベース接続エラー: Binary was compiled with 'CGO_ENABLED=0', go-sqlite3 requires cgo to work. This is a stub
2024/11/28 14:45:49 main.go:16: データベース接続エラー: Binary was compiled with 'CGO_ENABLED=0', go-sqlite3 requires cgo to work. This is a stub
2024/11/28 21:37:18 base.go:52: todosテーブルの作成に成功しました
2024/11/28 21:41:52 base.go:52: todosテーブルの作成に成功しました
2024/11/28 21:43:36 base.go:52: todosテーブルの作成に成功しました
2024/11/28 21:44:48 base.go:52: todosテーブルの作成に成功しました
2024/11/28 21:45:14 base.go:52: todosテーブルの作成に成功しました
2024/11/28 21:45:46 base.go:52: todosテーブルの作成に成功しました
2024/11/28 21:46:00 base.go:52: todosテーブルの作成に成功しました
2024/11/28 21:48:32 base.go:52: todosテーブルの作成に成功しました
2024/11/28 21:58:29 base.go:52: todosテーブルの作成に成功しました
2024/11/28 22:06:49 base.go:52: todosテーブルの作成に成功しました
2024/11/28 22:07:52 base.go:52: todosテーブルの作成に成功しました
2024/11/28 22:17:50 base.go:52: todosテーブルの作成に成功しました
2024/11/28 22:22:36 base.go:52: todosテーブルの作成に成功しました
2024/11/28 22:28:22 base.go:52: todosテーブルの作成に成功しました
2024/11/29 01:59:37 base.go:52: todosテーブルの作成に成功しました
2024/11/29 02:01:48 base.go:52: todosテーブルの作成に成功しました
2024/11/29 02:05:19 base.go:52: todosテーブルの作成に成功しました
2024/11/29 02:09:33 base.go:52: todosテーブルの作成に成功しました
2024/11/29 02:10:24 base.go:52: todosテーブルの作成に成功しました
2024/11/29 02:14:24 base.go:52: todosテーブルの作成に成功しました
2024/11/29 02:16:26 base.go:52: todosテーブルの作成に成功しました
2024/11/29 02:17:41 base.go:52: todosテーブルの作成に成功しました
2024/11/29 02:19:40 base.go:52: todosテーブルの作成に成功しました
2024/11/29 02:23:38 base.go:52: todosテーブルの作成に成功しました
2024/11/29 02:25:52 base.go:52: todosテーブルの作成に成功しました
2024/11/29 02:27:49 base.go:52: todosテーブルの作成に成功しました
2024/11/29 02:29:11 base.go:52: todosテーブルの作成に成功しました
2024/11/29 10:27:13 base.go:52: todosテーブルの作成に成功しました
2024/11/29 10:28:40 base.go:52: todosテーブルの作成に成功しました
2024/11/29 10:29:19 base.go:52: todosテーブルの作成に成功しました
2024/11/29 10:56:25 base.go:52: todosテーブルの作成に成功しました
2024/11/29 11:00:44 base.go:52: todosテーブルの作成に成功しました
2024/11/29 11:22:09 base.go:60: todosテーブルの作成に成功しました
2024/11/29 11:23:38 base.go:60: todosテーブルの作成に成功しました
2024/11/29 11:27:06 base.go:60: todosテーブルの作成に成功しました
2024/11/29 11:32:50 base.go:60: todosテーブルの作成に成功しました
2024/11/29 11:36:40 base.go:60: todosテーブルの作成に成功しました
2024/11/29 11:36:40 base.go:73: sessionsテーブルの作成に成功しました
2024/11/29 12:07:37 base.go:52: todosテーブルの作成に成功しました
2024/11/29 12:07:37 base.go:65: sessionsテーブルの作成に成功しました
2024/11/29 12:09:13 base.go:52: todosテーブルの作成に成功しました
2024/11/29 12:09:13 base.go:65: sessionsテーブルの作成に成功しました
2024/11/29 12:14:55 base.go:52: todosテーブルの作成に成功しました
2024/11/29 12:14:55 base.go:65: sessionsテーブルの作成に成功しました
2024/11/29 12:14:55 main.go:72: sql: no rows in result set
2024/11/29 12:15:30 base.go:52: todosテーブルの作成に成功しました
2024/11/29 12:15:30 base.go:65: sessionsテーブルの作成に成功しました
2024/11/29 12:15:30 main.go:72: sql: no rows in result set
2024/11/29 12:17:43 base.go:52: todosテーブルの作成に成功しました
2024/11/29 12:17:43 base.go:65: sessionsテーブルの作成に成功しました
2024/11/29 12:17:43 users.go:103: table sessions has no column named email
2024/11/29 12:21:01 base.go:52: todosテーブルの作成に成功しました
2024/11/29 12:21:01 base.go:65: sessionsテーブルの作成に成功しました
2024/11/29 12:21:01 users.go:103: table sessions has no column named email
2024/11/29 12:21:01 main.go:72: no such column: email
2024/11/29 12:50:43 base.go:52: todosテーブルの作成に成功しました
2024/11/29 12:50:43 base.go:65: sessionsテーブルの作成に成功しました
2024/11/29 12:50:44 users.go:103: table sessions has no column named email
2024/11/29 12:50:44 main.go:72: no such column: email
2024/11/29 12:51:40 base.go:52: todosテーブルの作成に成功しました
2024/11/29 12:51:40 base.go:65: sessionsテーブルの作成に成功しました
2024/11/29 12:51:40 users.go:103: table sessions has no column named email
2024/11/29 12:51:40 main.go:72: no such column: email
2024/11/29 12:58:47 base.go:52: todosテーブルの作成に成功しました
2024/11/29 12:58:47 base.go:65: sessionsテーブルの作成に成功しました
2024/11/29 12:58:47 users.go:103: table sessions has no column named email
2024/11/29 12:58:47 main.go:72: no such column: email
2024/11/29 13:00:38 base.go:52: todosテーブルの作成に成功しました
2024/11/29 13:00:38 base.go:65: sessionsテーブルの作成に成功しました
2024/11/29 13:02:01 base.go:52: todosテーブルの作成に成功しました
2024/11/29 13:02:01 base.go:65: sessionsテーブルの作成に成功しました
2024/11/29 13:02:01 users.go:103: table sessions has no column named email
2024/11/29 13:02:01 main.go:72: no such column: email
2024/11/29 13:03:02 base.go:52: todosテーブルの作成に成功しました
2024/11/29 13:03:02 base.go:65: sessionsテーブルの作成に成功しました
2024/11/29 13:03:02 users.go:103: table sessions has no column named email
2024/11/29 13:03:02 main.go:72: no such column: email
2024/11/29 13:03:39 base.go:52: todosテーブルの作成に成功しました
2024/11/29 13:03:39 base.go:65: sessionsテーブルの作成に成功しました
2024/11/29 13:04:21 base.go:52: todosテーブルの作成に成功しました
2024/11/29 13:04:21 base.go:65: sessionsテーブルの作成に成功しました
2024/11/29 13:04:21 users.go:103: table sessions has no column named email
2024/11/29 13:04:21 main.go:72: no such column: email
2024/11/29 13:08:21 base.go:52: todosテーブルの作成に成功しました
2024/11/29 13:08:21 base.go:66: sessionsテーブルの作成に成功しました
2024/11/29 13:08:50 base.go:52: todosテーブルの作成に成功しました
2024/11/29 13:08:50 base.go:66: sessionsテーブルの作成に成功しました
2024/11/29 13:08:50 main.go:72: sql: no rows in result set
2024/11/29 13:09:31 base.go:52: todosテーブルの作成に成功しました
2024/11/29 13:09:31 base.go:66: sessionsテーブルの作成に成功しました
2024/11/29 13:13:12 base.go:52: todosテーブルの作成に成功しました
2024/11/29 13:13:12 base.go:66: sessionsテーブルの作成に成功しました
2024/11/29 13:14:36 base.go:52: todosテーブルの作成に成功しました
2024/11/29 13:14:36 base.go:66: sessionsテーブルの作成に成功しました
2024/11/29 13:17:37 base.go:52: todosテーブルの作成に成功しました
2024/11/29 13:17:37 base.go:66: sessionsテーブルの作成に成功しました
2024/11/29 13:20:12 base.go:52: todosテーブルの作成に成功しました
2024/11/29 13:20:12 base.go:66: sessionsテーブルの作成に成功しました
2024/11/29 13:23:00 base.go:52: todosテーブルの作成に成功しました
2024/11/29 13:23:00 base.go:66: sessionsテーブルの作成に成功しました
2024/11/29 13:23:00 main.go:72: sql: no rows in result set
2024/11/29 13:24:05 base.go:52: todosテーブルの作成に成功しました
2024/11/29 13:24:05 base.go:66: sessionsテーブルの作成に成功しました
2024/11/29 13:24:05 main.go:74: sql: no rows in result set
2024/11/29 13:24:57 base.go:52: todosテーブルの作成に成功しました
2024/11/29 13:24:57 base.go:66: sessionsテーブルの作成に成功しました
2024/11/29 13:24:57 main.go:74: sql: no rows in result set
2024/11/29 13:27:36 base.go:52: todosテーブルの作成に成功しました
2024/11/29 13:27:36 base.go:66: sessionsテーブルの作成に成功しました
2024/11/29 13:31:49 base.go:52: todosテーブルの作成に成功しました
2024/11/29 13:31:49 base.go:66: sessionsテーブルの作成に成功しました
2024/11/29 13:41:26 base.go:52: todosテーブルの作成に成功しました
2024/11/29 13:41:26 base.go:66: sessionsテーブルの作成に成功しました
2024/11/29 13:42:03 base.go:52: todosテーブルの作成に成功しました
2024/11/29 13:42:03 base.go:66: sessionsテーブルの作成に成功しました
2024/11/29 16:00:15 base.go:52: todosテーブルの作成に成功しました
2024/11/29 16:00:16 base.go:66: sessionsテーブルの作成に成功しました
2024/11/29 16:13:16 base.go:52: todosテーブルの作成に成功しました
2024/11/29 16:13:16 base.go:66: sessionsテーブルの作成に成功しました
2024/11/30 15:38:48 base.go:50: Binary was compiled with 'CGO_ENABLED=0', go-sqlite3 requires cgo to work. This is a stub
2024/11/30 15:57:28 base.go:52: todosテーブルの作成に成功しました
2024/11/30 15:57:28 base.go:66: sessionsテーブルの作成に成功しました
2024/11/30 16:09:35 base.go:52: todosテーブルの作成に成功しました
2024/11/30 16:09:35 base.go:66: sessionsテーブルの作成に成功しました
2024/11/30 16:32:13 base.go:52: todosテーブルの作成に成功しました
2024/11/30 16:32:13 base.go:66: sessionsテーブルの作成に成功しました
2024/11/30 16:42:10 base.go:52: todosテーブルの作成に成功しました
2024/11/30 16:42:10 base.go:66: sessionsテーブルの作成に成功しました
2024/11/30 16:42:17 route_main.go:26: sql: expected 5 destination arguments in Scan, not 6
2024/11/30 16:42:17 route_main.go:26: sql: expected 5 destination arguments in Scan, not 6
2024/11/30 16:42:26 route_main.go:26: sql: expected 5 destination arguments in Scan, not 6
2024/11/30 16:42:26 route_main.go:26: sql: expected 5 destination arguments in Scan, not 6
2024/11/30 16:43:08 route_main.go:26: sql: expected 5 destination arguments in Scan, not 6
2024/11/30 16:43:09 route_main.go:26: sql: expected 5 destination arguments in Scan, not 6
2024/11/30 16:43:10 route_main.go:26: sql: expected 5 destination arguments in Scan, not 6
2024/11/30 16:43:11 route_main.go:55: sql: expected 5 destination arguments in Scan, not 6
2024/11/30 16:43:11 route_main.go:26: sql: expected 5 destination arguments in Scan, not 6
2024/11/30 16:43:11 route_main.go:26: sql: expected 5 destination arguments in Scan, not 6
2024/11/30 16:43:15 route_main.go:26: sql: expected 5 destination arguments in Scan, not 6
2024/11/30 16:43:16 route_main.go:55: sql: expected 5 destination arguments in Scan, not 6
2024/11/30 16:43:16 route_main.go:26: sql: expected 5 destination arguments in Scan, not 6
2024/11/30 16:43:16 route_main.go:26: sql: expected 5 destination arguments in Scan, not 6
2024/11/30 16:43:24 route_main.go:26: sql: expected 5 destination arguments in Scan, not 6
2024/11/30 16:43:25 route_main.go:26: sql: expected 5 destination arguments in Scan, not 6
2024/11/30 17:07:25 base.go:52: todosテーブルの作成に成功しました
2024/11/30 17:07:25 base.go:66: sessionsテーブルの作成に成功しました
2024/11/30 17:07:55 route_main.go:26: sql: expected 5 destination arguments in Scan, not 6
2024/11/30 17:07:56 route_main.go:26: sql: expected 5 destination arguments in Scan, not 6
2024/11/30 17:07:58 route_main.go:26: sql: expected 5 destination arguments in Scan, not 6
2024/11/30 17:07:58 route_main.go:26: sql: expected 5 destination arguments in Scan, not 6
2024/11/30 17:08:01 route_main.go:26: sql: expected 5 destination arguments in Scan, not 6
2024/11/30 17:08:03 route_main.go:55: sql: expected 5 destination arguments in Scan, not 6
2024/11/30 17:08:03 route_main.go:26: sql: expected 5 destination arguments in Scan, not 6
2024/11/30 17:08:03 route_main.go:26: sql: expected 5 destination arguments in Scan, not 6
2024/11/30 17:08:04 route_main.go:26: sql: expected 5 destination arguments in Scan, not 6
2024/11/30 17:08:05 route_main.go:55: sql: expected 5 destination arguments in Scan, not 6
2024/11/30 17:08:05 route_main.go:26: sql: expected 5 destination arguments in Scan, not 6
2024/11/30 17:08:05 route_main.go:26: sql: expected 5 destination arguments in Scan, not 6
2024/11/30 17:08:07 route_main.go:26: sql: expected 5 destination arguments in Scan, not 6
2024/11/30 17:08:07 route_main.go:26: sql: expected 5 destination arguments in Scan, not 6
2024/11/30 17:08:10 route_main.go:26: sql: expected 5 destination arguments in Scan, not 6
2024/11/30 17:08:11 route_main.go:55: sql: expected 5 destination arguments in Scan, not 6
2024/11/30 17:08:11 route_main.go:26: sql: expected 5 destination arguments in Scan, not 6
2024/11/30 17:08:11 route_main.go:26: sql: expected 5 destination arguments in Scan, not 6
2024/11/30 17:08:22 route_main.go:26: sql: expected 5 destination arguments in Scan, not 6
2024/11/30 17:08:22 route_main.go:26: sql: expected 5 destination arguments in Scan, not 6
2024/11/30 17:10:45 base.go:52: todosテーブルの作成に成功しました
2024/11/30 17:10:45 base.go:66: sessionsテーブルの作成に成功しました
2024/11/30 17:11:13 route_main.go:26: sql: expected 5 destination arguments in Scan, not 6
2024/11/30 17:11:16 route_main.go:55: sql: expected 5 destination arguments in Scan, not 6
2024/11/30 17:11:16 route_main.go:26: sql: expected 5 destination arguments in Scan, not 6
2024/11/30 17:11:16 route_main.go:26: sql: expected 5 destination arguments in Scan, not 6
2024/11/30 17:18:17 base.go:52: todosテーブルの作成に成功しました
2024/11/30 17:18:17 base.go:66: sessionsテーブルの作成に成功しました
2024/11/30 17:18:40 route_auth.go:51: sql: no rows in result set
2024/11/30 17:18:43 route_auth.go:51: sql: no rows in result set
2024/11/30 17:18:47 route_auth.go:51: sql: no rows in result set
2024/11/30 17:18:55 route_main.go:26: sql: expected 5 destination arguments in Scan, not 6
2024/11/30 17:18:55 route_main.go:26: sql: expected 5 destination arguments in Scan, not 6
2024/11/30 17:18:56 route_main.go:26: sql: expected 5 destination arguments in Scan, not 6
2024/11/30 17:18:58 route_main.go:55: sql: expected 5 destination arguments in Scan, not 6
2024/11/30 17:18:58 route_main.go:26: sql: expected 5 destination arguments in Scan, not 6
2024/11/30 17:18:58 route_main.go:26: sql: expected 5 destination arguments in Scan, not 6
2024/11/30 17:18:59 route_main.go:26: sql: expected 5 destination arguments in Scan, not 6
2024/11/30 17:19:01 route_main.go:55: sql: expected 5 destination arguments in Scan, not 6
2024/11/30 17:19:01 route_main.go:26: sql: expected 5 destination arguments in Scan, not 6
2024/11/30 17:19:01 route_main.go:26: sql: expected 5 destination arguments in Scan, not 6
2024/11/30 17:19:02 route_main.go:26: sql: expected 5 destination arguments in Scan, not 6
2024/11/30 17:19:03 route_main.go:55: sql: expected 5 destination arguments in Scan, not 6
2024/11/30 17:19:03 route_main.go:26: sql: expected 5 destination arguments in Scan, not 6
2024/11/30 17:19:03 route_main.go:26: sql: expected 5 destination arguments in Scan, not 6
2024/11/30 17:19:04 route_main.go:26: sql: expected 5 destination arguments in Scan, not 6
2024/11/30 17:19:06 route_main.go:55: sql: expected 5 destination arguments in Scan, not 6
2024/11/30 17:19:06 route_main.go:26: sql: expected 5 destination arguments in Scan, not 6
2024/11/30 17:19:06 route_main.go:26: sql: expected 5 destination arguments in Scan, not 6
2024/11/30 17:20:31 base.go:52: todosテーブルの作成に成功しました
2024/11/30 17:20:31 base.go:66: sessionsテーブルの作成に成功しました
2024/11/30 17:29:15 base.go:52: todosテーブルの作成に成功しました
2024/11/30 17:29:15 base.go:66: sessionsテーブルの作成に成功しました
2024/11/30 17:29:43 route_auth.go:51: sql: no rows in result set
